<?xml version="1.0" encoding="UTF-8"?>
<marc:collection xmlns:marc="http://www.loc.gov/MARC21/slim" xmlns:xsi="http://www.w3.org/2001/XMLSchema-instance" xsi:schemaLocation="http://www.loc.gov/MARC21/slim http://www.loc.gov/standards/marcxml/schema/MARC21slim.xsd">
	<marc:record>
		<marc:leader>pam a c </marc:leader>
		<marc:controlfield tag="001">950592463</marc:controlfield>
		<marc:controlfield tag="003">DE-101</marc:controlfield>
		<marc:controlfield tag="005">20110218201007.0</marc:controlfield>
		<marc:controlfield tag="007">tu</marc:controlfield>
		<marc:controlfield tag="008">970605s1997    gw |||||r|||| 00||||ger</marc:controlfield>
		<marc:datafield tag="015" ind1=" " ind2=" ">
			<marc:subfield code="a">05,A08,0558</marc:subfield>
			<marc:subfield code="z">97,N27,0291</marc:subfield>
			<marc:subfield code="2">dnb</marc:subfield>
		</marc:datafield>
		<marc:datafield tag="016" ind1="7" ind2=" ">
			<marc:subfield code="2">DE-101</marc:subfield>
			<marc:subfield code="a">950592463</marc:subfield>
		</marc:datafield>
		<marc:datafield tag="020" ind1=" " ind2=" ">
			<marc:subfield code="a">3814550099</marc:subfield>
			<marc:subfield code="c">Pp. : DM 189.00, sfr 168.00, S 1380.00</marc:subfield>
			<marc:subfield code="9">3-8145-5009-9</marc:subfield>
		</marc:datafield>
		<marc:datafield tag="035" ind1=" " ind2=" ">
			<marc:subfield code="a">(DE-599)DNB950592463</marc:subfield>
		</marc:datafield>
		<marc:datafield tag="040" ind1=" " ind2=" ">
			<marc:subfield code="a">1140</marc:subfield>
			<marc:subfield code="b">ger</marc:subfield>
			<marc:subfield code="c">DE-101</marc:subfield>
			<marc:subfield code="d">9999</marc:subfield>
			<marc:subfield code="e">rakwb</marc:subfield>
		</marc:datafield>
		<marc:datafield tag="041" ind1=" " ind2=" ">
			<marc:subfield code="a">ger</marc:subfield>
		</marc:datafield>
		<marc:datafield tag="044" ind1=" " ind2=" ">
			<marc:subfield code="c">XA-DE</marc:subfield>
		</marc:datafield>
		<marc:datafield tag="084" ind1=" " ind2=" ">
			<marc:subfield code="a">340</marc:subfield>
			<marc:subfield code="2">sdnb</marc:subfield>
		</marc:datafield>
		<marc:datafield tag="090" ind1=" " ind2=" ">
			<marc:subfield code="a">b</marc:subfield>
		</marc:datafield>
		<marc:datafield tag="245" ind1="1" ind2="0">
			<marc:subfield code="a">Insolvenzrecht 1996</marc:subfield>
			<marc:subfield code="c">hrsg. von Hanns Pru§�tting</marc:subfield>
		</marc:datafield>
		<marc:datafield tag="260" ind1="3" ind2=" ">
			<marc:subfield code="a">Ko§�ln</marc:subfield>
			<marc:subfield code="b">RWS, Verl. Kommunikationsforum</marc:subfield>
			<marc:subfield code="c">1997</marc:subfield>
		</marc:datafield>
		<marc:datafield tag="300" ind1=" " ind2=" ">
			<marc:subfield code="a">IX, 365 S.</marc:subfield>
			<marc:subfield code="c">22 cm</marc:subfield>
		</marc:datafield>
		<marc:datafield tag="490" ind1="1" ind2=" ">
			<marc:subfield code="a">RWS-Forum</marc:subfield>
			<marc:subfield code="v">9</marc:subfield>
		</marc:datafield>
		<marc:datafield tag="650" ind1=" " ind2="7">
			<marc:subfield code="0">(DE-588c)4114026-6</marc:subfield>
			<marc:subfield code="0">(DE-101)041140265</marc:subfield>
			<marc:subfield code="2">swd</marc:subfield>
			<marc:subfield code="a">Insolvenzrecht</marc:subfield>
		</marc:datafield>
		<marc:datafield tag="651" ind1=" " ind2="7">
			<marc:subfield code="0">(DE-588c)4011882-4</marc:subfield>
			<marc:subfield code="0">(DE-101)040118827</marc:subfield>
			<marc:subfield code="2">swd</marc:subfield>
			<marc:subfield code="a">Deutschland</marc:subfield>
		</marc:datafield>
		<marc:datafield tag="655" ind1=" " ind2="7">
			<marc:subfield code="2">swd</marc:subfield>
			<marc:subfield code="a">Kongress</marc:subfield>
			<marc:subfield code="z">Ko§�ln &lt;1996&gt;</marc:subfield>
		</marc:datafield>
		<marc:datafield tag="689" ind1="0" ind2="0">
			<marc:subfield code="A">g</marc:subfield>
			<marc:subfield code="0">(DE-588c)4011882-4</marc:subfield>
			<marc:subfield code="0">(DE-101)040118827</marc:subfield>
			<marc:subfield code="a">Deutschland</marc:subfield>
		</marc:datafield>
		<marc:datafield tag="689" ind1="0" ind2="1">
			<marc:subfield code="A">s</marc:subfield>
			<marc:subfield code="0">(DE-588c)4114026-6</marc:subfield>
			<marc:subfield code="0">(DE-101)041140265</marc:subfield>
			<marc:subfield code="a">Insolvenzrecht</marc:subfield>
		</marc:datafield>
		<marc:datafield tag="689" ind1="0" ind2="2">
			<marc:subfield code="A">f</marc:subfield>
			<marc:subfield code="a">Kongress</marc:subfield>
		</marc:datafield>
		<marc:datafield tag="689" ind1="0" ind2="3">
			<marc:subfield code="A">g</marc:subfield>
			<marc:subfield code="a">Ko§�ln &lt;1996&gt;</marc:subfield>
		</marc:datafield>
		<marc:datafield tag="689" ind1="0" ind2=" ">
			<marc:subfield code="5">DE-101</marc:subfield>
			<marc:subfield code="5">DE-101</marc:subfield>
		</marc:datafield>
		<marc:datafield tag="700" ind1="1" ind2=" ">
			<marc:subfield code="a">Pru§�tting, Hanns</marc:subfield>
			<marc:subfield code="4">edt</marc:subfield>
			<marc:subfield code="d">1948-</marc:subfield>
			<marc:subfield code="e">Hrsg.</marc:subfield>
			<marc:subfield code="0">(DE-588a)115715789</marc:subfield>
			<marc:subfield code="0">(DE-101)115715789</marc:subfield>
		</marc:datafield>
		<marc:datafield tag="830" ind1=" " ind2="0">
			<marc:subfield code="a">RWS-Forum</marc:subfield>
			<marc:subfield code="v">9</marc:subfield>
			<marc:subfield code="w">(DE-101)018447201</marc:subfield>
			<marc:subfield code="w">(DE-600)1342722-2</marc:subfield>
			<marc:subfield code="9">19</marc:subfield>
		</marc:datafield>
		<marc:datafield tag="856" ind1="4" ind2="2">
			<marc:subfield code="m">X:GBV</marc:subfield>
			<marc:subfield code="u">http://d-nb.info/950592463/04</marc:subfield>
			<marc:subfield code="3">Inhaltsverzeichnis</marc:subfield>
		</marc:datafield>
		<marc:datafield tag="925" ind1="r" ind2=" ">
			<marc:subfield code="a">ra</marc:subfield>
		</marc:datafield>
	</marc:record>

	<marc:record>
		<marc:leader>pam a c </marc:leader>
		<marc:controlfield tag="001">950974439</marc:controlfield>
		<marc:controlfield tag="003">DE-101</marc:controlfield>
		<marc:controlfield tag="005">20101118201935.0</marc:controlfield>
		<marc:controlfield tag="007">tu</marc:controlfield>
		<marc:controlfield tag="008">970717s1997    gw |||||r|||| 00||||ita</marc:controlfield>
		<marc:datafield tag="015" ind1=" " ind2=" ">
			<marc:subfield code="a">05,A28,0679</marc:subfield>
			<marc:subfield code="z">97,N33,0689</marc:subfield>
			<marc:subfield code="2">dnb</marc:subfield>
		</marc:datafield>
		<marc:datafield tag="016" ind1="7" ind2=" ">
			<marc:subfield code="2">DE-101</marc:subfield>
			<marc:subfield code="a">950974439</marc:subfield>
		</marc:datafield>
		<marc:datafield tag="020" ind1=" " ind2=" ">
			<marc:subfield code="a">3895862193</marc:subfield>
			<marc:subfield code="c">kart.</marc:subfield>
			<marc:subfield code="9">3-89586-219-3</marc:subfield>
		</marc:datafield>
		<marc:datafield tag="035" ind1=" " ind2=" ">
			<marc:subfield code="a">(DE-599)DNB950974439</marc:subfield>
		</marc:datafield>
		<marc:datafield tag="040" ind1=" " ind2=" ">
			<marc:subfield code="a">1240</marc:subfield>
			<marc:subfield code="b">ger</marc:subfield>
			<marc:subfield code="c">DE-101</marc:subfield>
			<marc:subfield code="d">9999</marc:subfield>
		</marc:datafield>
		<marc:datafield tag="041" ind1=" " ind2=" ">
			<marc:subfield code="a">ita</marc:subfield>
		</marc:datafield>
		<marc:datafield tag="044" ind1=" " ind2=" ">
			<marc:subfield code="c">XA-DE</marc:subfield>
		</marc:datafield>
		<marc:datafield tag="084" ind1=" " ind2=" ">
			<marc:subfield code="a">450</marc:subfield>
			<marc:subfield code="2">sdnb</marc:subfield>
		</marc:datafield>
		<marc:datafield tag="090" ind1=" " ind2=" ">
			<marc:subfield code="a">b</marc:subfield>
		</marc:datafield>
		<marc:datafield tag="100" ind1="1" ind2=" ">
			<marc:subfield code="a">Bigalke, Rainer</marc:subfield>
			<marc:subfield code="4">aut</marc:subfield>
			<marc:subfield code="0">(DE-588a)108628248</marc:subfield>
			<marc:subfield code="0">(DE-101)108628248</marc:subfield>
		</marc:datafield>
		<marc:datafield tag="245" ind1="1" ind2="0">
			<marc:subfield code="a">Siciliano</marc:subfield>
			<marc:subfield code="c">Rainer Bigalke. [Ed. by U. J. Lu§�ders]</marc:subfield>
		</marc:datafield>
		<marc:datafield tag="260" ind1="3" ind2=" ">
			<marc:subfield code="a">Mu§�nchen</marc:subfield>
			<marc:subfield code="a">Newcastle</marc:subfield>
			<marc:subfield code="b">LINCOM Europa</marc:subfield>
			<marc:subfield code="c">1997</marc:subfield>
		</marc:datafield>
		<marc:datafield tag="300" ind1=" " ind2=" ">
			<marc:subfield code="a">102 S.</marc:subfield>
			<marc:subfield code="b">Kt.</marc:subfield>
			<marc:subfield code="c">21 cm</marc:subfield>
		</marc:datafield>
		<marc:datafield tag="490" ind1="1" ind2=" ">
			<marc:subfield code="a">Languages of the world : [...], Materials</marc:subfield>
			<marc:subfield code="v">129</marc:subfield>
		</marc:datafield>
		<marc:datafield tag="500" ind1=" " ind2=" ">
			<marc:subfield code="a">Literaturverz. S. 96 - 102</marc:subfield>
		</marc:datafield>
		<marc:datafield tag="651" ind1=" " ind2="7">
			<marc:subfield code="0">(DE-588c)4181612-2</marc:subfield>
			<marc:subfield code="0">(DE-101)041816129</marc:subfield>
			<marc:subfield code="2">swd</marc:subfield>
			<marc:subfield code="a">Sizilianisch</marc:subfield>
		</marc:datafield>
		<marc:datafield tag="689" ind1="0" ind2="0">
			<marc:subfield code="A">g</marc:subfield>
			<marc:subfield code="0">(DE-588c)4181612-2</marc:subfield>
			<marc:subfield code="0">(DE-101)041816129</marc:subfield>
			<marc:subfield code="a">Sizilianisch</marc:subfield>
		</marc:datafield>
		<marc:datafield tag="689" ind1="0" ind2=" ">
			<marc:subfield code="5">DE-101</marc:subfield>
			<marc:subfield code="5">DE-101</marc:subfield>
		</marc:datafield>
		<marc:datafield tag="830" ind1=" " ind2="0">
			<marc:subfield code="a">Languages of the world / Materials</marc:subfield>
			<marc:subfield code="n">[...]</marc:subfield>
			<marc:subfield code="p">Materials</marc:subfield>
			<marc:subfield code="t">Languages of the world</marc:subfield>
			<marc:subfield code="v">129</marc:subfield>
			<marc:subfield code="w">(DE-101)019448880</marc:subfield>
			<marc:subfield code="w">(DE-600)1451298-1</marc:subfield>
			<marc:subfield code="9">3129</marc:subfield>
		</marc:datafield>
		<marc:datafield tag="856" ind1="4" ind2="2">
			<marc:subfield code="m">V:DE-604</marc:subfield>
			<marc:subfield code="q">application/pdf</marc:subfield>
			<marc:subfield code="u">http://d-nb.info/950974439/04</marc:subfield>
			<marc:subfield code="3">Inhaltsverzeichnis</marc:subfield>
		</marc:datafield>
		<marc:datafield tag="925" ind1="r" ind2=" ">
			<marc:subfield code="a">ra</marc:subfield>
		</marc:datafield>
	</marc:record>

	<marc:record>
		<marc:leader>pam a c </marc:leader>
		<marc:controlfield tag="001">953176436</marc:controlfield>
		<marc:controlfield tag="003">DE-101</marc:controlfield>
		<marc:controlfield tag="005">20110218202305.0</marc:controlfield>
		<marc:controlfield tag="007">tu</marc:controlfield>
		<marc:controlfield tag="008">980309s1998    gw |||||r|||| 00||||ger</marc:controlfield>
		<marc:datafield tag="015" ind1=" " ind2=" ">
			<marc:subfield code="a">05,A08,0490</marc:subfield>
			<marc:subfield code="z">98,N14,0251</marc:subfield>
			<marc:subfield code="2">dnb</marc:subfield>
		</marc:datafield>
		<marc:datafield tag="016" ind1="7" ind2=" ">
			<marc:subfield code="2">DE-101</marc:subfield>
			<marc:subfield code="a">953176436</marc:subfield>
		</marc:datafield>
		<marc:datafield tag="020" ind1=" " ind2=" ">
			<marc:subfield code="a">3814550110</marc:subfield>
			<marc:subfield code="c">Pp.. : DM 179.00, S 1307.00, sfr 159.00</marc:subfield>
			<marc:subfield code="9">3-8145-5011-0</marc:subfield>
		</marc:datafield>
		<marc:datafield tag="035" ind1=" " ind2=" ">
			<marc:subfield code="a">(DE-599)DNB953176436</marc:subfield>
		</marc:datafield>
		<marc:datafield tag="040" ind1=" " ind2=" ">
			<marc:subfield code="a">1140</marc:subfield>
			<marc:subfield code="b">ger</marc:subfield>
			<marc:subfield code="c">DE-101</marc:subfield>
			<marc:subfield code="d">9999</marc:subfield>
			<marc:subfield code="e">rakwb</marc:subfield>
		</marc:datafield>
		<marc:datafield tag="041" ind1=" " ind2=" ">
			<marc:subfield code="a">ger</marc:subfield>
		</marc:datafield>
		<marc:datafield tag="044" ind1=" " ind2=" ">
			<marc:subfield code="c">XA-DE</marc:subfield>
		</marc:datafield>
		<marc:datafield tag="084" ind1=" " ind2=" ">
			<marc:subfield code="a">340</marc:subfield>
			<marc:subfield code="2">sdnb</marc:subfield>
		</marc:datafield>
		<marc:datafield tag="090" ind1=" " ind2=" ">
			<marc:subfield code="a">b</marc:subfield>
		</marc:datafield>
		<marc:datafield tag="245" ind1="1" ind2="0">
			<marc:subfield code="a">Arbeitsrecht 1997</marc:subfield>
			<marc:subfield code="c">hrsg. von Peter Hanau ; Gu§�nter Schaub</marc:subfield>
		</marc:datafield>
		<marc:datafield tag="260" ind1="3" ind2=" ">
			<marc:subfield code="a">Ko§�ln</marc:subfield>
			<marc:subfield code="b">RWS, Verl. Kommunikationsforum</marc:subfield>
			<marc:subfield code="c">1998</marc:subfield>
		</marc:datafield>
		<marc:datafield tag="300" ind1=" " ind2=" ">
			<marc:subfield code="a">XI, 356 S.</marc:subfield>
			<marc:subfield code="c">22 cm</marc:subfield>
		</marc:datafield>
		<marc:datafield tag="490" ind1="1" ind2=" ">
			<marc:subfield code="a">RWS-Forum</marc:subfield>
			<marc:subfield code="v">11</marc:subfield>
		</marc:datafield>
		<marc:datafield tag="650" ind1=" " ind2="7">
			<marc:subfield code="0">(DE-588c)4002769-7</marc:subfield>
			<marc:subfield code="0">(DE-101)040027694</marc:subfield>
			<marc:subfield code="2">swd</marc:subfield>
			<marc:subfield code="a">Arbeitsrecht</marc:subfield>
		</marc:datafield>
		<marc:datafield tag="651" ind1=" " ind2="7">
			<marc:subfield code="0">(DE-588c)4011882-4</marc:subfield>
			<marc:subfield code="0">(DE-101)040118827</marc:subfield>
			<marc:subfield code="2">swd</marc:subfield>
			<marc:subfield code="a">Deutschland</marc:subfield>
		</marc:datafield>
		<marc:datafield tag="655" ind1=" " ind2="7">
			<marc:subfield code="2">swd</marc:subfield>
			<marc:subfield code="a">Kongress</marc:subfield>
			<marc:subfield code="z">Ko§�ln &lt;1997&gt;</marc:subfield>
		</marc:datafield>
		<marc:datafield tag="689" ind1="0" ind2="0">
			<marc:subfield code="A">g</marc:subfield>
			<marc:subfield code="0">(DE-588c)4011882-4</marc:subfield>
			<marc:subfield code="0">(DE-101)040118827</marc:subfield>
			<marc:subfield code="a">Deutschland</marc:subfield>
		</marc:datafield>
		<marc:datafield tag="689" ind1="0" ind2="1">
			<marc:subfield code="A">s</marc:subfield>
			<marc:subfield code="0">(DE-588c)4002769-7</marc:subfield>
			<marc:subfield code="0">(DE-101)040027694</marc:subfield>
			<marc:subfield code="a">Arbeitsrecht</marc:subfield>
		</marc:datafield>
		<marc:datafield tag="689" ind1="0" ind2="2">
			<marc:subfield code="A">f</marc:subfield>
			<marc:subfield code="a">Kongress</marc:subfield>
		</marc:datafield>
		<marc:datafield tag="689" ind1="0" ind2="3">
			<marc:subfield code="A">g</marc:subfield>
			<marc:subfield code="a">Ko§�ln &lt;1997&gt;</marc:subfield>
		</marc:datafield>
		<marc:datafield tag="689" ind1="0" ind2=" ">
			<marc:subfield code="5">DE-101</marc:subfield>
			<marc:subfield code="5">DE-101</marc:subfield>
		</marc:datafield>
		<marc:datafield tag="700" ind1="1" ind2=" ">
			<marc:subfield code="a">Hanau, Peter</marc:subfield>
			<marc:subfield code="4">edt</marc:subfield>
			<marc:subfield code="d">1966-</marc:subfield>
			<marc:subfield code="e">Hrsg.</marc:subfield>
			<marc:subfield code="0">(DE-588a)128672358</marc:subfield>
			<marc:subfield code="0">(DE-101)128672358</marc:subfield>
		</marc:datafield>
		<marc:datafield tag="830" ind1=" " ind2="0">
			<marc:subfield code="a">RWS-Forum</marc:subfield>
			<marc:subfield code="v">11</marc:subfield>
			<marc:subfield code="w">(DE-101)018447201</marc:subfield>
			<marc:subfield code="w">(DE-600)1342722-2</marc:subfield>
			<marc:subfield code="9">211</marc:subfield>
		</marc:datafield>
		<marc:datafield tag="856" ind1="4" ind2="2">
			<marc:subfield code="m">X:GBV</marc:subfield>
			<marc:subfield code="u">http://d-nb.info/953176436/04</marc:subfield>
			<marc:subfield code="3">Inhaltsverzeichnis</marc:subfield>
		</marc:datafield>
		<marc:datafield tag="925" ind1="r" ind2=" ">
			<marc:subfield code="a">ra</marc:subfield>
		</marc:datafield>
	</marc:record>

	<marc:record>
		<marc:leader>nam a c </marc:leader>
		<marc:controlfield tag="001">954369300</marc:controlfield>
		<marc:controlfield tag="003">DE-101</marc:controlfield>
		<marc:controlfield tag="005">20070820134300.0</marc:controlfield>
		<marc:controlfield tag="007">tu</marc:controlfield>
		<marc:controlfield tag="008">980814s1998    gw |||||r|||| 00||||ger</marc:controlfield>
		<marc:datafield tag="015" ind1=" " ind2=" ">
			<marc:subfield code="a">05,A08,0529</marc:subfield>
			<marc:subfield code="2">dnb</marc:subfield>
		</marc:datafield>
		<marc:datafield tag="016" ind1="7" ind2=" ">
			<marc:subfield code="2">DE-101</marc:subfield>
			<marc:subfield code="a">954369300</marc:subfield>
		</marc:datafield>
		<marc:datafield tag="020" ind1=" " ind2=" ">
			<marc:subfield code="a">3814550102</marc:subfield>
			<marc:subfield code="c">Pp. : DM 182.00</marc:subfield>
			<marc:subfield code="9">3-8145-5010-2</marc:subfield>
		</marc:datafield>
		<marc:datafield tag="035" ind1=" " ind2=" ">
			<marc:subfield code="a">(DE-599)DNB954369300</marc:subfield>
		</marc:datafield>
		<marc:datafield tag="040" ind1=" " ind2=" ">
			<marc:subfield code="a">1140</marc:subfield>
			<marc:subfield code="b">ger</marc:subfield>
			<marc:subfield code="c">DE-101</marc:subfield>
			<marc:subfield code="d">1210</marc:subfield>
			<marc:subfield code="e">rakwb</marc:subfield>
		</marc:datafield>
		<marc:datafield tag="041" ind1=" " ind2=" ">
			<marc:subfield code="a">ger</marc:subfield>
		</marc:datafield>
		<marc:datafield tag="044" ind1=" " ind2=" ">
			<marc:subfield code="c">XA-DE</marc:subfield>
		</marc:datafield>
		<marc:datafield tag="084" ind1=" " ind2=" ">
			<marc:subfield code="a">340</marc:subfield>
			<marc:subfield code="2">sdnb</marc:subfield>
		</marc:datafield>
		<marc:datafield tag="090" ind1=" " ind2=" ">
			<marc:subfield code="a">b</marc:subfield>
		</marc:datafield>
		<marc:datafield tag="245" ind1="1" ind2="0">
			<marc:subfield code="a">Gesellschaftsrecht 1997</marc:subfield>
			<marc:subfield code="c">hrsg. von Peter Hommelhoff ; Volker Ro§�hricht</marc:subfield>
		</marc:datafield>
		<marc:datafield tag="260" ind1="3" ind2=" ">
			<marc:subfield code="a">Ko§�ln</marc:subfield>
			<marc:subfield code="b">RWS, Verl. Kommunikationsforum</marc:subfield>
			<marc:subfield code="c">1998</marc:subfield>
		</marc:datafield>
		<marc:datafield tag="300" ind1=" " ind2=" ">
			<marc:subfield code="a">X, 355 S.</marc:subfield>
			<marc:subfield code="c">22 cm</marc:subfield>
		</marc:datafield>
		<marc:datafield tag="490" ind1="1" ind2=" ">
			<marc:subfield code="a">RWS-Forum</marc:subfield>
			<marc:subfield code="v">10</marc:subfield>
		</marc:datafield>
		<marc:datafield tag="650" ind1=" " ind2="7">
			<marc:subfield code="0">(DE-588c)4020646-4</marc:subfield>
			<marc:subfield code="0">(DE-101)040206467</marc:subfield>
			<marc:subfield code="2">swd</marc:subfield>
			<marc:subfield code="a">Gesellschaftsrecht</marc:subfield>
		</marc:datafield>
		<marc:datafield tag="651" ind1=" " ind2="7">
			<marc:subfield code="0">(DE-588c)4011882-4</marc:subfield>
			<marc:subfield code="0">(DE-101)040118827</marc:subfield>
			<marc:subfield code="2">swd</marc:subfield>
			<marc:subfield code="a">Deutschland</marc:subfield>
		</marc:datafield>
		<marc:datafield tag="655" ind1=" " ind2="7">
			<marc:subfield code="2">swd</marc:subfield>
			<marc:subfield code="a">Kongress</marc:subfield>
			<marc:subfield code="z">Ko§�ln &lt;1997&gt;</marc:subfield>
		</marc:datafield>
		<marc:datafield tag="689" ind1="0" ind2="0">
			<marc:subfield code="A">g</marc:subfield>
			<marc:subfield code="0">(DE-588c)4011882-4</marc:subfield>
			<marc:subfield code="0">(DE-101)040118827</marc:subfield>
			<marc:subfield code="a">Deutschland</marc:subfield>
		</marc:datafield>
		<marc:datafield tag="689" ind1="0" ind2="1">
			<marc:subfield code="A">s</marc:subfield>
			<marc:subfield code="0">(DE-588c)4020646-4</marc:subfield>
			<marc:subfield code="0">(DE-101)040206467</marc:subfield>
			<marc:subfield code="a">Gesellschaftsrecht</marc:subfield>
		</marc:datafield>
		<marc:datafield tag="689" ind1="0" ind2="2">
			<marc:subfield code="A">f</marc:subfield>
			<marc:subfield code="a">Kongress</marc:subfield>
		</marc:datafield>
		<marc:datafield tag="689" ind1="0" ind2="3">
			<marc:subfield code="A">g</marc:subfield>
			<marc:subfield code="a">Ko§�ln &lt;1997&gt;</marc:subfield>
		</marc:datafield>
		<marc:datafield tag="689" ind1="0" ind2=" ">
			<marc:subfield code="5">DE-101</marc:subfield>
			<marc:subfield code="5">DE-101</marc:subfield>
		</marc:datafield>
		<marc:datafield tag="700" ind1="1" ind2=" ">
			<marc:subfield code="a">Hommelhoff, Peter</marc:subfield>
			<marc:subfield code="4">edt</marc:subfield>
			<marc:subfield code="d">1942-</marc:subfield>
			<marc:subfield code="e">Hrsg.</marc:subfield>
			<marc:subfield code="0">(DE-588a)133229157</marc:subfield>
			<marc:subfield code="0">(DE-101)133229157</marc:subfield>
		</marc:datafield>
		<marc:datafield tag="830" ind1=" " ind2="0">
			<marc:subfield code="a">RWS-Forum</marc:subfield>
			<marc:subfield code="v">10</marc:subfield>
			<marc:subfield code="w">(DE-101)018447201</marc:subfield>
			<marc:subfield code="w">(DE-600)1342722-2</marc:subfield>
			<marc:subfield code="9">210</marc:subfield>
		</marc:datafield>
		<marc:datafield tag="925" ind1="r" ind2=" ">
			<marc:subfield code="a">ra</marc:subfield>
		</marc:datafield>
	</marc:record>

	<marc:record>
		<marc:leader>nam a c </marc:leader>
		<marc:controlfield tag="001">954377915</marc:controlfield>
		<marc:controlfield tag="003">DE-101</marc:controlfield>
		<marc:controlfield tag="005">20070430100600.0</marc:controlfield>
		<marc:controlfield tag="007">tu</marc:controlfield>
		<marc:controlfield tag="008">980817s1998    gw |||||r|||| 00||||ger</marc:controlfield>
		<marc:datafield tag="015" ind1=" " ind2=" ">
			<marc:subfield code="a">05,A08,0495</marc:subfield>
			<marc:subfield code="2">dnb</marc:subfield>
		</marc:datafield>
		<marc:datafield tag="016" ind1="7" ind2=" ">
			<marc:subfield code="2">DE-101</marc:subfield>
			<marc:subfield code="a">954377915</marc:subfield>
		</marc:datafield>
		<marc:datafield tag="020" ind1=" " ind2=" ">
			<marc:subfield code="a">3814550129</marc:subfield>
			<marc:subfield code="c">Pp. : DM 179.00</marc:subfield>
			<marc:subfield code="9">3-8145-5012-9</marc:subfield>
		</marc:datafield>
		<marc:datafield tag="035" ind1=" " ind2=" ">
			<marc:subfield code="a">(DE-599)DNB954377915</marc:subfield>
		</marc:datafield>
		<marc:datafield tag="040" ind1=" " ind2=" ">
			<marc:subfield code="a">1140</marc:subfield>
			<marc:subfield code="b">ger</marc:subfield>
			<marc:subfield code="c">DE-101</marc:subfield>
			<marc:subfield code="d">9999</marc:subfield>
			<marc:subfield code="e">rakwb</marc:subfield>
		</marc:datafield>
		<marc:datafield tag="041" ind1=" " ind2=" ">
			<marc:subfield code="a">ger</marc:subfield>
		</marc:datafield>
		<marc:datafield tag="044" ind1=" " ind2=" ">
			<marc:subfield code="c">XA-DE</marc:subfield>
		</marc:datafield>
		<marc:datafield tag="084" ind1=" " ind2=" ">
			<marc:subfield code="a">340</marc:subfield>
			<marc:subfield code="2">sdnb</marc:subfield>
		</marc:datafield>
		<marc:datafield tag="090" ind1=" " ind2=" ">
			<marc:subfield code="a">b</marc:subfield>
		</marc:datafield>
		<marc:datafield tag="245" ind1="1" ind2="0">
			<marc:subfield code="a">Bankrecht 1998</marc:subfield>
			<marc:subfield code="c">hrsg. von Norbert Horn ; Herbert Schimansky</marc:subfield>
		</marc:datafield>
		<marc:datafield tag="260" ind1="3" ind2=" ">
			<marc:subfield code="a">Ko§�ln</marc:subfield>
			<marc:subfield code="b">RWS, Verl. Kommunikationsforum</marc:subfield>
			<marc:subfield code="c">1998</marc:subfield>
		</marc:datafield>
		<marc:datafield tag="300" ind1=" " ind2=" ">
			<marc:subfield code="a">VIII, 358 S.</marc:subfield>
			<marc:subfield code="c">22 cm</marc:subfield>
		</marc:datafield>
		<marc:datafield tag="490" ind1="1" ind2=" ">
			<marc:subfield code="a">RWS-Forum</marc:subfield>
			<marc:subfield code="v">12</marc:subfield>
		</marc:datafield>
		<marc:datafield tag="650" ind1=" " ind2="7">
			<marc:subfield code="0">(DE-588c)4004473-7</marc:subfield>
			<marc:subfield code="0">(DE-101)040044734</marc:subfield>
			<marc:subfield code="2">swd</marc:subfield>
			<marc:subfield code="a">Bankrecht</marc:subfield>
		</marc:datafield>
		<marc:datafield tag="651" ind1=" " ind2="7">
			<marc:subfield code="0">(DE-588c)4011882-4</marc:subfield>
			<marc:subfield code="0">(DE-101)040118827</marc:subfield>
			<marc:subfield code="2">swd</marc:subfield>
			<marc:subfield code="a">Deutschland</marc:subfield>
		</marc:datafield>
		<marc:datafield tag="655" ind1=" " ind2="7">
			<marc:subfield code="2">swd</marc:subfield>
			<marc:subfield code="a">Kongress</marc:subfield>
			<marc:subfield code="z">Ko§�ln &lt;1998&gt;</marc:subfield>
		</marc:datafield>
		<marc:datafield tag="689" ind1="0" ind2="0">
			<marc:subfield code="A">g</marc:subfield>
			<marc:subfield code="0">(DE-588c)4011882-4</marc:subfield>
			<marc:subfield code="0">(DE-101)040118827</marc:subfield>
			<marc:subfield code="a">Deutschland</marc:subfield>
		</marc:datafield>
		<marc:datafield tag="689" ind1="0" ind2="1">
			<marc:subfield code="A">s</marc:subfield>
			<marc:subfield code="0">(DE-588c)4004473-7</marc:subfield>
			<marc:subfield code="0">(DE-101)040044734</marc:subfield>
			<marc:subfield code="a">Bankrecht</marc:subfield>
		</marc:datafield>
		<marc:datafield tag="689" ind1="0" ind2="2">
			<marc:subfield code="A">f</marc:subfield>
			<marc:subfield code="a">Kongress</marc:subfield>
		</marc:datafield>
		<marc:datafield tag="689" ind1="0" ind2="3">
			<marc:subfield code="A">g</marc:subfield>
			<marc:subfield code="a">Ko§�ln &lt;1998&gt;</marc:subfield>
		</marc:datafield>
		<marc:datafield tag="689" ind1="0" ind2=" ">
			<marc:subfield code="5">DE-101</marc:subfield>
			<marc:subfield code="5">DE-101</marc:subfield>
		</marc:datafield>
		<marc:datafield tag="700" ind1="1" ind2=" ">
			<marc:subfield code="a">Horn, Norbert</marc:subfield>
			<marc:subfield code="4">edt</marc:subfield>
			<marc:subfield code="d">1936-</marc:subfield>
			<marc:subfield code="e">Hrsg.</marc:subfield>
			<marc:subfield code="0">(DE-588a)132374994</marc:subfield>
			<marc:subfield code="0">(DE-101)132374994</marc:subfield>
		</marc:datafield>
		<marc:datafield tag="830" ind1=" " ind2="0">
			<marc:subfield code="a">RWS-Forum</marc:subfield>
			<marc:subfield code="v">12</marc:subfield>
			<marc:subfield code="w">(DE-101)018447201</marc:subfield>
			<marc:subfield code="w">(DE-600)1342722-2</marc:subfield>
			<marc:subfield code="9">212</marc:subfield>
		</marc:datafield>
		<marc:datafield tag="925" ind1="r" ind2=" ">
			<marc:subfield code="a">ra</marc:subfield>
		</marc:datafield>
	</marc:record>

</marc:collection>
